[20:04:55 PM]	=============== Start Trace ===============

[20:04:55 PM]	 === < SABER > Trace Start === 
[20:05:17 PM]	CNtlPLVisualManager::GetHeightFieldWorldHeight (1170):  GetWorldHeight : Failed : IN(0,0,0), OUT_HEIGHT(-999)
[20:06:12 PM]	CNtlWorldShadow::LoadSwapFile (141):  file open failed. (192_sec.sdw)
[20:06:12 PM]	CNtlPLObject::LoadSwapFile (3331):  file open failed. (192_sec.objt)
[20:06:12 PM]	CNtlInstanceEffect::LoadSwapFile (801):  file open failed. (192_sec.eff)
[20:06:12 PM]	CNtlPLOccluder_Quad::LoadSwapFile (830):  file open failed. (192_sec.ocq)
[20:06:12 PM]	CNtlPLHeatHazeObject::LoadSwapFile (724):  file open failed. (192_sec.hho)
[20:06:12 PM]	CNtlWorldShadow::LoadSwapFile (141):  file open failed. (193_sec.sdw)
[20:06:12 PM]	CNtlPLObject::LoadSwapFile (3331):  file open failed. (193_sec.objt)
[20:06:12 PM]	CNtlInstanceEffect::LoadSwapFile (801):  file open failed. (193_sec.eff)
[20:06:12 PM]	CNtlPLOccluder_Quad::LoadSwapFile (830):  file open failed. (193_sec.ocq)
[20:06:12 PM]	CNtlPLHeatHazeObject::LoadSwapFile (724):  file open failed. (193_sec.hho)
[20:06:12 PM]	CNtlWorldShadow::LoadSwapFile (141):  file open failed. (208_sec.sdw)
[20:06:12 PM]	CNtlPLObject::LoadSwapFile (3331):  file open failed. (208_sec.objt)
[20:06:12 PM]	CNtlInstanceEffect::LoadSwapFile (801):  file open failed. (208_sec.eff)
[20:06:12 PM]	CNtlPLOccluder_Quad::LoadSwapFile (830):  file open failed. (208_sec.ocq)
[20:06:12 PM]	CNtlPLHeatHazeObject::LoadSwapFile (724):  file open failed. (208_sec.hho)
[20:06:12 PM]	CNtlWorldShadow::LoadSwapFile (141):  file open failed. (209_sec.sdw)
[20:06:12 PM]	CNtlPLObject::LoadSwapFile (3331):  file open failed. (209_sec.objt)
[20:06:12 PM]	CNtlInstanceEffect::LoadSwapFile (801):  file open failed. (209_sec.eff)
[20:06:12 PM]	CNtlPLOccluder_Quad::LoadSwapFile (830):  file open failed. (209_sec.ocq)
[20:06:12 PM]	CNtlPLHeatHazeObject::LoadSwapFile (724):  file open failed. (209_sec.hho)
[20:06:14 PM]	CNtlWorldShadow::LoadSwapFile (141):  file open failed. (224_sec.sdw)
[20:06:14 PM]	CNtlPLObject::LoadSwapFile (3331):  file open failed. (224_sec.objt)
[20:06:14 PM]	CNtlInstanceEffect::LoadSwapFile (801):  file open failed. (224_sec.eff)
[20:06:14 PM]	CNtlPLOccluder_Quad::LoadSwapFile (830):  file open failed. (224_sec.ocq)
[20:06:14 PM]	CNtlPLHeatHazeObject::LoadSwapFile (724):  file open failed. (224_sec.hho)
[20:06:14 PM]	CNtlWorldShadow::LoadSwapFile (141):  file open failed. (225_sec.sdw)
[20:06:14 PM]	CNtlPLObject::LoadSwapFile (3331):  file open failed. (225_sec.objt)
[20:06:14 PM]	CNtlInstanceEffect::LoadSwapFile (801):  file open failed. (225_sec.eff)
[20:06:14 PM]	CNtlPLOccluder_Quad::LoadSwapFile (830):  file open failed. (225_sec.ocq)
[20:06:14 PM]	CNtlPLHeatHazeObject::LoadSwapFile (724):  file open failed. (225_sec.hho)
[20:06:14 PM]	CNtlWorldShadow::LoadSwapFile (141):  file open failed. (240_sec.sdw)
[20:06:14 PM]	CNtlPLObject::LoadSwapFile (3331):  file open failed. (240_sec.objt)
[20:06:14 PM]	CNtlInstanceEffect::LoadSwapFile (801):  file open failed. (240_sec.eff)
[20:06:14 PM]	CNtlPLOccluder_Quad::LoadSwapFile (830):  file open failed. (240_sec.ocq)
[20:06:14 PM]	CNtlPLHeatHazeObject::LoadSwapFile (724):  file open failed. (240_sec.hho)
[20:06:14 PM]	CNtlWorldShadow::LoadSwapFile (141):  file open failed. (241_sec.sdw)
[20:06:14 PM]	CNtlPLObject::LoadSwapFile (3331):  file open failed. (241_sec.objt)
[20:06:14 PM]	CNtlInstanceEffect::LoadSwapFile (801):  file open failed. (241_sec.eff)
[20:06:14 PM]	CNtlPLOccluder_Quad::LoadSwapFile (830):  file open failed. (241_sec.ocq)
[20:06:14 PM]	CNtlPLHeatHazeObject::LoadSwapFile (724):  file open failed. (241_sec.hho)
[20:06:25 PM]	CNtlWorldShadow::LoadSwapFile (141):  file open failed. (238_sec.sdw)
[20:06:25 PM]	CNtlPLObject::LoadSwapFile (3331):  file open failed. (238_sec.objt)
[20:06:25 PM]	CNtlInstanceEffect::LoadSwapFile (801):  file open failed. (238_sec.eff)
[20:06:25 PM]	CNtlPLOccluder_Quad::LoadSwapFile (830):  file open failed. (238_sec.ocq)
[20:06:25 PM]	CNtlPLHeatHazeObject::LoadSwapFile (724):  file open failed. (238_sec.hho)
[20:06:25 PM]	CNtlWorldShadow::LoadSwapFile (141):  file open failed. (239_sec.sdw)
[20:06:25 PM]	CNtlPLObject::LoadSwapFile (3331):  file open failed. (239_sec.objt)
[20:06:25 PM]	CNtlInstanceEffect::LoadSwapFile (801):  file open failed. (239_sec.eff)
[20:06:25 PM]	CNtlPLOccluder_Quad::LoadSwapFile (830):  file open failed. (239_sec.ocq)
[20:06:25 PM]	CNtlPLHeatHazeObject::LoadSwapFile (724):  file open failed. (239_sec.hho)
[20:06:25 PM]	CNtlWorldShadow::LoadSwapFile (141):  file open failed. (254_sec.sdw)
[20:06:25 PM]	CNtlPLObject::LoadSwapFile (3331):  file open failed. (254_sec.objt)
[20:06:25 PM]	CNtlInstanceEffect::LoadSwapFile (801):  file open failed. (254_sec.eff)
[20:06:25 PM]	CNtlPLOccluder_Quad::LoadSwapFile (830):  file open failed. (254_sec.ocq)
[20:06:25 PM]	CNtlPLHeatHazeObject::LoadSwapFile (724):  file open failed. (254_sec.hho)
[20:06:25 PM]	CNtlWorldShadow::LoadSwapFile (141):  file open failed. (255_sec.sdw)
[20:06:25 PM]	CNtlPLObject::LoadSwapFile (3331):  file open failed. (255_sec.objt)
[20:06:25 PM]	CNtlInstanceEffect::LoadSwapFile (801):  file open failed. (255_sec.eff)
[20:06:25 PM]	CNtlPLOccluder_Quad::LoadSwapFile (830):  file open failed. (255_sec.ocq)
[20:06:25 PM]	CNtlPLHeatHazeObject::LoadSwapFile (724):  file open failed. (255_sec.hho)
[20:29:11 PM]	 === < SABER > Trace End === 
