c:\users\alejandro lopez\source\repos\dbo\dboclient\tool\launcher\debug\launcher.pch
c:\users\alejandro lopez\source\repos\dbo\dboclient\tool\launcher\debug\vc142.pdb
c:\users\alejandro lopez\source\repos\dbo\dboclient\tool\launcher\debug\vc142.idb
c:\users\alejandro lopez\source\repos\dbo\dboclient\tool\launcher\debug\stdafx.obj
c:\users\alejandro lopez\source\repos\dbo\dboclient\tool\launcher\debug\bitmapdlg.obj
c:\users\alejandro lopez\source\repos\dbo\dboclient\tool\launcher\debug\dib.obj
c:\users\alejandro lopez\source\repos\dbo\dboclient\tool\launcher\debug\explorer_information.obj
c:\users\alejandro lopez\source\repos\dbo\dboclient\tool\launcher\debug\httptransparent.obj
c:\users\alejandro lopez\source\repos\dbo\dboclient\tool\launcher\debug\imagetextbutton.obj
c:\users\alejandro lopez\source\repos\dbo\dboclient\tool\launcher\debug\launcher.obj
c:\users\alejandro lopez\source\repos\dbo\dboclient\tool\launcher\debug\launcherdlg.obj
c:\users\alejandro lopez\source\repos\dbo\dboclient\tool\launcher\debug\ntldownloader.obj
c:\users\alejandro lopez\source\repos\dbo\dboclient\tool\launcher\debug\ntlhttpdownloader.obj
c:\users\alejandro lopez\source\repos\dbo\dboclient\tool\launcher\debug\ntllauncherconfig.obj
c:\users\alejandro lopez\source\repos\dbo\dboclient\tool\launcher\debug\ntlpatchdata.obj
c:\users\alejandro lopez\source\repos\dbo\dboclient\tool\launcher\debug\ntlpatcher.obj
c:\users\alejandro lopez\source\repos\dbo\dboclient\tool\launcher\debug\ntlpatchmanager.obj
c:\users\alejandro lopez\source\repos\dbo\dboclient\tool\launcher\debug\ntlpatchserverconfig.obj
c:\users\alejandro lopez\source\repos\dbo\dboclient\tool\launcher\debug\ntlpatchxmlsave.obj
c:\users\alejandro lopez\source\repos\dbo\dboclient\tool\launcher\debug\ntlrtpatcher.obj
c:\users\alejandro lopez\source\repos\dbo\dboclient\tool\launcher\debug\outputbox.obj
c:\users\alejandro lopez\source\repos\dbo\dboclient\tool\launcher\debug\test2.obj
c:\users\alejandro lopez\source\repos\dbo\dboclient\tool\launcher\debug\launcher.res
c:\users\alejandro lopez\source\repos\dbo\dboclient\tool\launcher\debug\launcher.pdb
c:\users\alejandro lopez\source\repos\dbo\dboclient\tool\launcher\debug\launcher.tlog\cl.command.1.tlog
c:\users\alejandro lopez\source\repos\dbo\dboclient\tool\launcher\debug\launcher.tlog\cl.read.1.tlog
c:\users\alejandro lopez\source\repos\dbo\dboclient\tool\launcher\debug\launcher.tlog\cl.write.1.tlog
c:\users\alejandro lopez\source\repos\dbo\dboclient\tool\launcher\debug\launcher.tlog\link-cvtres.read.1.tlog
c:\users\alejandro lopez\source\repos\dbo\dboclient\tool\launcher\debug\launcher.tlog\link-cvtres.write.1.tlog
c:\users\alejandro lopez\source\repos\dbo\dboclient\tool\launcher\debug\launcher.tlog\link-mt.read.1.tlog
c:\users\alejandro lopez\source\repos\dbo\dboclient\tool\launcher\debug\launcher.tlog\link-mt.write.1.tlog
c:\users\alejandro lopez\source\repos\dbo\dboclient\tool\launcher\debug\launcher.tlog\link-rc.read.1.tlog
c:\users\alejandro lopez\source\repos\dbo\dboclient\tool\launcher\debug\launcher.tlog\link-rc.write.1.tlog
c:\users\alejandro lopez\source\repos\dbo\dboclient\tool\launcher\debug\launcher.tlog\link.command.1.tlog
c:\users\alejandro lopez\source\repos\dbo\dboclient\tool\launcher\debug\launcher.tlog\link.read.1.tlog
c:\users\alejandro lopez\source\repos\dbo\dboclient\tool\launcher\debug\launcher.tlog\link.write.1.tlog
c:\users\alejandro lopez\source\repos\dbo\dboclient\tool\launcher\debug\launcher.tlog\rc.command.1.tlog
c:\users\alejandro lopez\source\repos\dbo\dboclient\tool\launcher\debug\launcher.tlog\rc.read.1.tlog
c:\users\alejandro lopez\source\repos\dbo\dboclient\tool\launcher\debug\launcher.tlog\rc.write.1.tlog
